<?xml version="1.0" encoding="UTF-8"?>
<testng-results ignored="0" total="2" passed="2" failed="0" skipped="0">
  <reporter-output>
  </reporter-output>
  <suite started-at="2022-01-20T20:33:36 IST" name="Suite" finished-at="2022-01-20T20:33:41 IST" duration-ms="4965">
    <groups>
    </groups>
    <test started-at="2022-01-20T20:33:36 IST" name="Test" finished-at="2022-01-20T20:33:41 IST" duration-ms="4965">
      <class name="com.qa.testCases.TestLoginPage">
        <test-method is-config="true" signature="setUp(java.lang.String)[pri:0, instance:com.qa.testCases.TestLoginPage@34b7ac2f]" started-at="2022-01-20T20:33:36 IST" name="setUp" finished-at="2022-01-20T20:33:39 IST" duration-ms="2529" status="PASS">
          <params>
            <param index="0">
              <value>
                <![CDATA[chrome]]>
              </value>
            </param>
          </params>
          <reporter-output>
          </reporter-output>
        </test-method> <!-- setUp -->
        <test-method signature="verifyLogin()[pri:0, instance:com.qa.testCases.TestLoginPage@34b7ac2f]" started-at="2022-01-20T20:33:39 IST" name="verifyLogin" finished-at="2022-01-20T20:33:39 IST" duration-ms="360" status="PASS">
          <reporter-output>
          </reporter-output>
        </test-method> <!-- verifyLogin -->
        <test-method is-config="true" signature="tearDown()[pri:0, instance:com.qa.testCases.TestLoginPage@34b7ac2f]" started-at="2022-01-20T20:33:39 IST" name="tearDown" finished-at="2022-01-20T20:33:39 IST" duration-ms="324" status="PASS">
          <reporter-output>
          </reporter-output>
        </test-method> <!-- tearDown -->
        <test-method is-config="true" signature="setUp(java.lang.String)[pri:0, instance:com.qa.testCases.TestLoginPage@34b7ac2f]" started-at="2022-01-20T20:33:39 IST" name="setUp" finished-at="2022-01-20T20:33:41 IST" duration-ms="1416" status="PASS">
          <params>
            <param index="0">
              <value>
                <![CDATA[chrome]]>
              </value>
            </param>
          </params>
          <reporter-output>
          </reporter-output>
        </test-method> <!-- setUp -->
        <test-method signature="verifyPageTitle()[pri:0, instance:com.qa.testCases.TestLoginPage@34b7ac2f]" started-at="2022-01-20T20:33:41 IST" name="verifyPageTitle" finished-at="2022-01-20T20:33:41 IST" duration-ms="36" status="PASS">
          <reporter-output>
          </reporter-output>
        </test-method> <!-- verifyPageTitle -->
        <test-method is-config="true" signature="tearDown()[pri:0, instance:com.qa.testCases.TestLoginPage@34b7ac2f]" started-at="2022-01-20T20:33:41 IST" name="tearDown" finished-at="2022-01-20T20:33:41 IST" duration-ms="246" status="PASS">
          <reporter-output>
          </reporter-output>
        </test-method> <!-- tearDown -->
      </class> <!-- com.qa.testCases.TestLoginPage -->
    </test> <!-- Test -->
  </suite> <!-- Suite -->
</testng-results>
